<?xml version="1.0" encoding="UTF-8"?>
<!-- Generated by org.testng.reporters.JUnitReportReporter -->
<testsuite hostname="MacBook-Air.local" name="com.object_TestNG.SampleTestCase" tests="4" failures="0" timestamp="13 May 2021 12:02:00 GMT" time="0.061" errors="0">
  <testcase name="TestCase2" time="0.002" classname="com.object_TestNG.SampleTestCase"/>
  <testcase name="TestCase4" time="0.004" classname="com.object_TestNG.SampleTestCase"/>
  <testcase name="TestCase3" time="0.005" classname="com.object_TestNG.SampleTestCase"/>
  <testcase name="TestCase1" time="0.050" classname="com.object_TestNG.SampleTestCase"/>
</testsuite> <!-- com.object_TestNG.SampleTestCase -->
