<?xml version="1.0" encoding="UTF-8"?>
<!-- Generated by org.testng.reporters.JUnitReportReporter -->
<testsuite hostname="MacBook-Air.local" name="com.object_TestNG.Priority" tests="3" failures="0" timestamp="26 Apr 2021 11:32:00 GMT" time="0.045" errors="0">
  <testcase name="StartTheCar" time="0.043" classname="com.object_TestNG.Priority"/>
  <testcase name="SecondGear" time="0.001" classname="com.object_TestNG.Priority"/>
  <testcase name="FirstGear" time="0.001" classname="com.object_TestNG.Priority"/>
</testsuite> <!-- com.object_TestNG.Priority -->
