<?xml version="1.0" encoding="UTF-8"?>
<!-- Generated by org.testng.reporters.JUnitReportReporter -->
<testsuite hostname="MacBook-Air.local" name="com.object_TestNG.ParallelTest" tests="1" failures="0" timestamp="28 Apr 2021 13:40:53 GMT" time="8.742" errors="0">
  <testcase name="testMethod" time="8.742" classname="com.object_TestNG.ParallelTest"/>
</testsuite> <!-- com.object_TestNG.ParallelTest -->
