<?xml version="1.0" encoding="UTF-8"?>
<!-- Generated by org.testng.reporters.JUnitReportReporter -->
<testsuite hostname="MacBook-Air.local" name="com.object_TestNG.ParallelIn" tests="1" failures="0" timestamp="30 Apr 2021 11:29:10 GMT" time="9.690" errors="0">
  <testcase name="testMethod" time="9.690" classname="com.object_TestNG.ParallelIn"/>
</testsuite> <!-- com.object_TestNG.ParallelIn -->
