<?xml version="1.0" encoding="UTF-8"?>
<!-- Generated by org.testng.reporters.JUnitReportReporter -->
<testsuite hostname="MacBook-Air.local" name="com.object_TestNG.DataProviderTest" tests="2" failures="0" timestamp="27 Apr 2021 10:46:31 GMT" time="15.528" errors="0">
  <testcase name="login" time="6.797" classname="com.object_TestNG.DataProviderTest"/>
  <testcase name="login" time="8.731" classname="com.object_TestNG.DataProviderTest"/>
</testsuite> <!-- com.object_TestNG.DataProviderTest -->
