<?xml version="1.0" encoding="UTF-8"?>
<!-- Generated by org.testng.reporters.JUnitReportReporter -->
<testsuite hostname="MacBook-Air.local" name="com.object_TestNG.GroupingTestCase" tests="4" failures="0" timestamp="27 Apr 2021 10:33:43 GMT" time="0.090" errors="0">
  <testcase name="Samsung1" time="0.003" classname="com.object_TestNG.GroupingTestCase"/>
  <testcase name="Nokia2" time="0.004" classname="com.object_TestNG.GroupingTestCase"/>
  <testcase name="Samsung2" time="0.002" classname="com.object_TestNG.GroupingTestCase"/>
  <testcase name="Nokia1" time="0.081" classname="com.object_TestNG.GroupingTestCase"/>
</testsuite> <!-- com.object_TestNG.GroupingTestCase -->
