<?xml version="1.0" encoding="UTF-8"?>
<!-- Generated by org.testng.reporters.JUnitReportReporter -->
<testsuite hostname="MacBook-Air.local" name="com.object_TestNG.ParallelExecution" tests="3" failures="0" timestamp="30 Apr 2021 11:31:18 GMT" time="48.112" errors="0">
  <testcase name="testMethod" time="16.766" classname="com.object_TestNG.ParallelExecution"/>
  <testcase name="testMethod" time="15.055" classname="com.object_TestNG.ParallelExecution"/>
  <testcase name="testMethod" time="16.291" classname="com.object_TestNG.ParallelExecution"/>
</testsuite> <!-- com.object_TestNG.ParallelExecution -->
