<?xml version="1.0" encoding="UTF-8"?>
<!-- Generated by org.testng.reporters.JUnitReportReporter -->
<testsuite hostname="MacBook-Air.local" name="com.object_TestNG.InvocationCountExample" tests="2" failures="0" timestamp="27 Apr 2021 10:57:11 GMT" time="18.353" errors="0">
  <testcase name="execute" time="9.264" classname="com.object_TestNG.InvocationCountExample"/>
  <testcase name="execute" time="9.089" classname="com.object_TestNG.InvocationCountExample"/>
</testsuite> <!-- com.object_TestNG.InvocationCountExample -->
