<?xml version="1.0" encoding="UTF-8"?>
<!-- Generated by org.testng.reporters.JUnitReportReporter -->
<testsuite hostname="MacBook-Air.local" name="com.object_TestNG.ParameterEx" tests="1" failures="0" timestamp="26 Apr 2021 11:43:17 GMT" time="4.286" errors="0">
  <testcase name="login" time="4.286" classname="com.object_TestNG.ParameterEx"/>
</testsuite> <!-- com.object_TestNG.ParameterEx -->
