<?xml version="1.0" encoding="UTF-8"?>
<!-- Generated by org.testng.reporters.JUnitReportReporter -->
<testsuite hostname="MacBook-Air.local" name="com.object_TestNG.CrossBrowser" tests="2" failures="0" timestamp="30 Apr 2021 11:41:18 GMT" time="13.384" errors="0">
  <testcase name="testParameters" time="5.088" classname="com.object_TestNG.CrossBrowser"/>
  <testcase name="testParameters" time="8.296" classname="com.object_TestNG.CrossBrowser"/>
</testsuite> <!-- com.object_TestNG.CrossBrowser -->
